<?xml version="1.0" encoding="UTF-8"?>
<!-- Generated by org.testng.reporters.JUnitReportReporter -->
<testsuite hostname="DE7ZBB4M2" failures="0" tests="4" name="com.kci.qa.tests.LookUpPageTests" time="67.689" errors="0" timestamp="2020-03-08T23:13:45 IST" skipped="0">
  <testcase classname="com.kci.qa.tests.LookUpPageTests" name="validate_touch_the_screen_button_functionality" time="13.898"/>
  <system-out/>
  <testcase classname="com.kci.qa.tests.LookUpPageTests" name="look_up_pnr_using_record_locator" time="27.481"/>
  <system-out/>
  <testcase classname="com.kci.qa.tests.LookUpPageTests" name="validate_page_title_nagative_scenario" time="13.932"/>
  <system-out/>
  <testcase classname="com.kci.qa.tests.LookUpPageTests" name="validate_pagetitle_kiosk_start_page" time="12.378"/>
  <system-out/>
</testsuite> <!-- com.kci.qa.tests.LookUpPageTests -->
